<?xml version="1.0" encoding="UTF-8"?>
<!-- Generated by org.testng.reporters.JUnitXMLReporter -->
<testsuite ignored="0" hostname="Yusufs-MacBook-Pro.local" failures="0" tests="2" name="Command line test" time="0.021" errors="0" timestamp="2023-05-06T00:53:38 IST">
  <testcase classname="testVagrant.qa.rcb.restapi.SampleTest" name="verifyInternationalPlayersTest" time="0.002"/>
  <testcase classname="testVagrant.qa.rcb.restapi.SampleTest" name="verifyWicketKeeperCount" time="0.0"/>
</testsuite> <!-- Command line test -->
