<?xml version="1.0" encoding="UTF-8"?>
<testng-results ignored="0" total="2" passed="2" failed="0" skipped="0">
  <reporter-output>
  </reporter-output>
  <suite started-at="2023-05-06T00:53:38 IST" name="testVagrant.qa.rcb.restapi.SampleTest" finished-at="2023-05-06T00:53:38 IST" duration-ms="21">
    <groups>
    </groups>
    <test started-at="2023-05-06T00:53:38 IST" name="Command line test" finished-at="2023-05-06T00:53:38 IST" duration-ms="21">
      <class name="testVagrant.qa.rcb.restapi.SampleTest">
        <test-method is-config="true" signature="retrieveJSON()[pri:0, instance:testVagrant.qa.rcb.restapi.SampleTest@f4168b8]" started-at="2023-05-06T00:53:38 IST" name="retrieveJSON" finished-at="2023-05-06T00:53:38 IST" duration-ms="6" status="PASS">
          <reporter-output>
          </reporter-output>
        </test-method> <!-- retrieveJSON -->
        <test-method signature="verifyInternationalPlayersTest()[pri:0, instance:testVagrant.qa.rcb.restapi.SampleTest@f4168b8]" started-at="2023-05-06T00:53:38 IST" name="verifyInternationalPlayersTest" finished-at="2023-05-06T00:53:38 IST" duration-ms="2" status="PASS">
          <reporter-output>
          </reporter-output>
        </test-method> <!-- verifyInternationalPlayersTest -->
        <test-method signature="verifyWicketKeeperCount()[pri:0, instance:testVagrant.qa.rcb.restapi.SampleTest@f4168b8]" started-at="2023-05-06T00:53:38 IST" name="verifyWicketKeeperCount" finished-at="2023-05-06T00:53:38 IST" duration-ms="0" status="PASS">
          <reporter-output>
          </reporter-output>
        </test-method> <!-- verifyWicketKeeperCount -->
      </class> <!-- testVagrant.qa.rcb.restapi.SampleTest -->
    </test> <!-- Command line test -->
  </suite> <!-- testVagrant.qa.rcb.restapi.SampleTest -->
</testng-results>
